<?xml version="1.0" encoding="UTF-8"?>
<testng-results ignored="0" total="1" passed="1" failed="0" skipped="0">
  <reporter-output>
  </reporter-output>
  <suite started-at="2024-03-16T15:27:26 IST" name="Suite" finished-at="2024-03-16T15:27:50 IST" duration-ms="23978">
    <groups>
    </groups>
    <test started-at="2024-03-16T15:27:26 IST" name="Streams Demo" finished-at="2024-03-16T15:27:50 IST" duration-ms="23978">
      <class name="FI_Selenium">
        <test-method signature="testSeleniumFI()[pri:0, instance:FI_Selenium@1a11f43f]" started-at="2024-03-16T15:27:27 IST" name="testSeleniumFI" finished-at="2024-03-16T15:27:50 IST" duration-ms="23720" status="PASS">
          <reporter-output>
          </reporter-output>
        </test-method> <!-- testSeleniumFI -->
      </class> <!-- FI_Selenium -->
    </test> <!-- Streams Demo -->
  </suite> <!-- Suite -->
</testng-results>
